<?xml version="1.0" encoding="UTF-8"?>
<!-- Generated by org.testng.reporters.JUnitReportReporter -->
<testsuite hostname="Lenovo" name="org.abc.Project2" tests="1" failures="0" timestamp="26 Sep 2023 15:25:41 GMT" time="3.532" errors="0">
  <testcase name="tc1" time="3.532" classname="org.abc.Project2"/>
</testsuite> <!-- org.abc.Project2 -->
