<?xml version="1.0" encoding="UTF-8"?>
<!-- Generated by org.testng.reporters.JUnitReportReporter -->
<testsuite hostname="Lenovo" name="org.abc.Project1" tests="2" failures="0" timestamp="26 Sep 2023 14:34:55 GMT" time="0.063" errors="0">
  <testcase name="tc2" time="0.047" classname="org.abc.Project1"/>
  <testcase name="tc1" time="0.016" classname="org.abc.Project1"/>
</testsuite> <!-- org.abc.Project1 -->
